Arguments: 
  /Users/markfilius/.nvm/versions/node/v8.9.0/bin/node /Users/markfilius/.yarn/bin/yarn.js

PATH: 
  /Users/markfilius/.yarn/bin:/usr/local/opt/php70/bin:/Users/markfilius/.nvm/versions/node/v8.9.0/bin:/opt/local/bin:/opt/local/sbin:/usr/local/bin:/usr/bin:/bin:/usr/sbin:/sbin:/Library/Frameworks/Mono.framework/Versions/Current/Commands:/Users/markfilius/Library/Android/sdk/tools:/Users/markfilius/Library/Android/sdk/platform-tools

Yarn version: 
  1.3.2

Node version: 
  8.9.0

Platform: 
  darwin x64

npm manifest: 
  {
    "name": "mob",
    "version": "0.1.0",
    "private": true,
    "devDependencies": {
      "jest-expo": "^22.0.0",
      "react-native-scripts": "1.7.0",
      "react-test-renderer": "16.0.0-beta.5"
    },
    "main": "./node_modules/react-native-scripts/build/bin/crna-entry.js",
    "scripts": {
      "start": "react-native-scripts start",
      "eject": "react-native-scripts eject",
      "android": "react-native-scripts android",
      "ios": "react-native-scripts ios",
      "test": "node node_modules/jest/bin/jest.js --watch"
    },
    "jest": {
      "preset": "jest-expo"
    },
    "dependencies": {
      "exp": "^47.2.3",
      "expo": "^22.0.2",
      "moment": "^2.19.3",
      "react": "16.0.0-beta.5",
      "react-native": "^0.49.5",
      "react-native-elements": "^0.18.2",
      "react-navigation": "^1.0.0-beta.19",
      "react-redux": "^5.0.6",
    }
  }

yarn manifest: 
  No manifest

Lockfile: 
  No lockfile

Trace: 
  SyntaxError: /Volumes/data/My Data/Documents/~Thoroughbred/Dossiers Projecten/streamlinebookings/mob/package.json: Unexpected token } in JSON at position 825
      at JSON.parse (<anonymous>)
      at /Users/markfilius/.yarn/lib/cli.js:770:59
      at Generator.next (<anonymous>)
      at step (/Users/markfilius/.yarn/lib/cli.js:92:30)
      at /Users/markfilius/.yarn/lib/cli.js:103:13
      at <anonymous>
